0 info it worked if it ends with ok
1 verbose cli [ '/usr/bin/node', '/usr/bin/npm', 'cache', 'clear' ]
2 info using npm@1.4.28
3 info using node@v0.10.37
4 verbose node symlink /usr/bin/node
5 verbose config Skipping project config: /home/martin/.npmrc. (matches userconfig)
6 error Error: EACCES, unlink '/home/martin/.npm/jitsu/0.15.0'
6 error  { [Error: EACCES, unlink '/home/martin/.npm/jitsu/0.15.0']
6 error   errno: 3,
6 error   code: 'EACCES',
6 error   path: '/home/martin/.npm/jitsu/0.15.0' }
7 error Please try running this command again as root/Administrator.
8 error System Linux 3.19.0-26-generic
9 error command "/usr/bin/node" "/usr/bin/npm" "cache" "clear"
10 error cwd /home/martin/nfc_web
11 error node -v v0.10.37
12 error npm -v 1.4.28
13 error path /home/martin/.npm/jitsu/0.15.0
14 error code EACCES
15 error errno 3
16 error stack Error: EACCES, unlink '/home/martin/.npm/jitsu/0.15.0'
17 verbose exit [ 3, true ]
